<?xml version='1.0' encoding='UTF-8'?>
<testsuite hostname="w8ste" name="homework.assignment01basic.PreprocessorTest" tests="13" errors="0" failures="0" skipped="0" time="0.027" timestamp="2026-03-03T21:56:37">
          <properties>
[...]
</properties>
          <testcase classname="homework.assignment01basic.PreprocessorTest" name="imp" time="0.009">
                      
                    </testcase><testcase classname="homework.assignment01basic.PreprocessorTest" name="nested imp lhs" time="0.0">
                      
                    </testcase><testcase classname="homework.assignment01basic.PreprocessorTest" name="nested imp rhs" time="0.0">
                      
                    </testcase><testcase classname="homework.assignment01basic.PreprocessorTest" name="bi imp" time="0.007">
                      
                    </testcase><testcase classname="homework.assignment01basic.PreprocessorTest" name="nested bi imp lhs" time="0.001">
                      
                    </testcase><testcase classname="homework.assignment01basic.PreprocessorTest" name="nested bi imp rhs" time="0.003">
                      
                    </testcase><testcase classname="homework.assignment01basic.PreprocessorTest" name="nested in not" time="0.0">
                      
                    </testcase><testcase classname="homework.assignment01basic.PreprocessorTest" name="nested in and lhs" time="0.001">
                      
                    </testcase><testcase classname="homework.assignment01basic.PreprocessorTest" name="nested in and rhs" time="0.001">
                      
                    </testcase><testcase classname="homework.assignment01basic.PreprocessorTest" name="nested in or lhs" time="0.003">
                      
                    </testcase><testcase classname="homework.assignment01basic.PreprocessorTest" name="nested in or rhs" time="0.001">
                      
                    </testcase><testcase classname="homework.assignment01basic.PreprocessorTest" name="true" time="0.0">
                      
                    </testcase><testcase classname="homework.assignment01basic.PreprocessorTest" name="false" time="0.001">
                      
                    </testcase>
          <system-out><![CDATA[]]></system-out>
          <system-err><![CDATA[]]></system-err>
        </testsuite>