<?xml version='1.0' encoding='UTF-8'?>
<testsuite hostname="desktop" name="homework.assignment02let.DeBruijnTest" tests="35" errors="0" failures="0" skipped="0" time="0.026" timestamp="2026-03-06T00:58:25">
          <properties>
[...]
</properties>
          <testcase classname="homework.assignment02let.DeBruijnTest" name="conv num literal" time="0.008">
                      
                    </testcase><testcase classname="homework.assignment02let.DeBruijnTest" name="conv addition" time="0.001">
                      
                    </testcase><testcase classname="homework.assignment02let.DeBruijnTest" name="conv subtraction" time="0.002">
                      
                    </testcase><testcase classname="homework.assignment02let.DeBruijnTest" name="conv let ref" time="0.002">
                      
                    </testcase><testcase classname="homework.assignment02let.DeBruijnTest" name="conv let let ref" time="0.0">
                      
                    </testcase><testcase classname="homework.assignment02let.DeBruijnTest" name="conv let let add ref" time="0.001">
                      
                    </testcase><testcase classname="homework.assignment02let.DeBruijnTest" name="conv deep ref" time="0.0">
                      
                    </testcase><testcase classname="homework.assignment02let.DeBruijnTest" name="conv add with ref in lhs" time="0.0">
                      
                    </testcase><testcase classname="homework.assignment02let.DeBruijnTest" name="conv add with ref in rhs" time="0.0">
                      
                    </testcase><testcase classname="homework.assignment02let.DeBruijnTest" name="conv sub with ref in lhs" time="0.001">
                      
                    </testcase><testcase classname="homework.assignment02let.DeBruijnTest" name="conv sub with ref in rhs" time="0.0">
                      
                    </testcase><testcase classname="homework.assignment02let.DeBruijnTest" name="conv ref in named expression" time="0.0">
                      
                    </testcase><testcase classname="homework.assignment02let.DeBruijnTest" name="conv nested ref in named expression" time="0.001">
                      
                    </testcase><testcase classname="homework.assignment02let.DeBruijnTest" name="conv same ref, different depths" time="0.0">
                      
                    </testcase><testcase classname="homework.assignment02let.DeBruijnTest" name="conv same symbols" time="0.001">
                      
                    </testcase><testcase classname="homework.assignment02let.DeBruijnTest" name="conv same name for named expression" time="0.0">
                      
                    </testcase><testcase classname="homework.assignment02let.DeBruijnTest" name="conv Nesting" time="0.0">
                      
                    </testcase><testcase classname="homework.assignment02let.DeBruijnTest" name="conv -1 for not found" time="0.0">
                      
                    </testcase><testcase classname="homework.assignment02let.DeBruijnTest" name="conv -1 for not found 2" time="0.001">
                      
                    </testcase><testcase classname="homework.assignment02let.DeBruijnTest" name="interp num literal" time="0.0">
                      
                    </testcase><testcase classname="homework.assignment02let.DeBruijnTest" name="interp addition" time="0.0">
                      
                    </testcase><testcase classname="homework.assignment02let.DeBruijnTest" name="interp subtraction" time="0.002">
                      
                    </testcase><testcase classname="homework.assignment02let.DeBruijnTest" name="interp let ref" time="0.0">
                      
                    </testcase><testcase classname="homework.assignment02let.DeBruijnTest" name="interp let let ref" time="0.001">
                      
                    </testcase><testcase classname="homework.assignment02let.DeBruijnTest" name="interp deep ref" time="0.0">
                      
                    </testcase><testcase classname="homework.assignment02let.DeBruijnTest" name="interp add with ref in lhs" time="0.001">
                      
                    </testcase><testcase classname="homework.assignment02let.DeBruijnTest" name="interp add with ref in rhs" time="0.0">
                      
                    </testcase><testcase classname="homework.assignment02let.DeBruijnTest" name="interp sub with ref in lhs" time="0.001">
                      
                    </testcase><testcase classname="homework.assignment02let.DeBruijnTest" name="interp sub with ref in rhs" time="0.0">
                      
                    </testcase><testcase classname="homework.assignment02let.DeBruijnTest" name="interp ref in named expression" time="0.001">
                      
                    </testcase><testcase classname="homework.assignment02let.DeBruijnTest" name="interp nested ref in named expression" time="0.001">
                      
                    </testcase><testcase classname="homework.assignment02let.DeBruijnTest" name="interp same ref, different depths" time="0.0">
                      
                    </testcase><testcase classname="homework.assignment02let.DeBruijnTest" name="interp static scoping" time="0.0">
                      
                    </testcase><testcase classname="homework.assignment02let.DeBruijnTest" name="interp recursive definition not allowed" time="0.001">
                      
                    </testcase><testcase classname="homework.assignment02let.DeBruijnTest" name="allows referring to definitions after exiting a scope of another definition" time="0.0">
                      
                    </testcase>
          <system-out><![CDATA[]]></system-out>
          <system-err><![CDATA[]]></system-err>
        </testsuite>