<?xml version='1.0' encoding='UTF-8'?>
<testsuite hostname="desktop" name="homework.assignment02let.ConditionalsTest" tests="11" errors="0" failures="0" skipped="0" time="0.011" timestamp="2026-03-06T00:58:25">
          <properties>
[...]
</properties>
          <testcase classname="homework.assignment02let.ConditionalsTest" name="subst If0" time="0.009">
                      
                    </testcase><testcase classname="homework.assignment02let.ConditionalsTest" name="If0 true" time="0.001">
                      
                    </testcase><testcase classname="homework.assignment02let.ConditionalsTest" name="If0 false" time="0.0">
                      
                    </testcase><testcase classname="homework.assignment02let.ConditionalsTest" name="If0, Let" time="0.0">
                      
                    </testcase><testcase classname="homework.assignment02let.ConditionalsTest" name="If0, Let, Sub" time="0.0">
                      
                    </testcase><testcase classname="homework.assignment02let.ConditionalsTest" name="Let, Sub" time="0.0">
                      
                    </testcase><testcase classname="homework.assignment02let.ConditionalsTest" name="binding in cond" time="0.0">
                      
                    </testcase><testcase classname="homework.assignment02let.ConditionalsTest" name="binding in then" time="0.0">
                      
                    </testcase><testcase classname="homework.assignment02let.ConditionalsTest" name="binding in else" time="0.0">
                      
                    </testcase><testcase classname="homework.assignment02let.ConditionalsTest" name="binding in all" time="0.001">
                      
                    </testcase><testcase classname="homework.assignment02let.ConditionalsTest" name="nested If0" time="0.0">
                      
                    </testcase>
          <system-out><![CDATA[]]></system-out>
          <system-err><![CDATA[]]></system-err>
        </testsuite>