<?xml version='1.0' encoding='UTF-8'?>
<testsuite hostname="w8ste" name="homework.assignment02let.ConditionalsTest" tests="11" errors="0" failures="5" skipped="0" time="0.017" timestamp="2026-03-04T18:00:13">
          <properties>
[...]
</properties>
          <testcase classname="homework.assignment02let.ConditionalsTest" name="subst If0" time="0.011">
                      <failure message="an implementation is missing" type="scala.NotImplementedError">scala.NotImplementedError: an implementation is missing
	at scala.Predef$.$qmark$qmark$qmark(Predef.scala:344)
	at homework.assignment02let.Conditionals$.subst(Conditionals.scala:54)
	at homework.assignment02let.ConditionalsTest.$init$$$anonfun$1(ConditionalsTest.scala:8)
</failure>
                    </testcase><testcase classname="homework.assignment02let.ConditionalsTest" name="If0 true" time="0.002">
                      
                    </testcase><testcase classname="homework.assignment02let.ConditionalsTest" name="If0 false" time="0.001">
                      
                    </testcase><testcase classname="homework.assignment02let.ConditionalsTest" name="If0, Let" time="0.0">
                      
                    </testcase><testcase classname="homework.assignment02let.ConditionalsTest" name="If0, Let, Sub" time="0.0">
                      
                    </testcase><testcase classname="homework.assignment02let.ConditionalsTest" name="Let, Sub" time="0.001">
                      
                    </testcase><testcase classname="homework.assignment02let.ConditionalsTest" name="binding in cond" time="0.0">
                      <failure message="an implementation is missing" type="scala.NotImplementedError">scala.NotImplementedError: an implementation is missing
	at scala.Predef$.$qmark$qmark$qmark(Predef.scala:344)
	at homework.assignment02let.Conditionals$.subst(Conditionals.scala:54)
	at homework.assignment02let.Conditionals$.interp(Conditionals.scala:27)
	at homework.assignment02let.ConditionalsTest.$init$$$anonfun$2$$anonfun$1(ConditionalsTest.scala:26)
</failure>
                    </testcase><testcase classname="homework.assignment02let.ConditionalsTest" name="binding in then" time="0.0">
                      <failure message="an implementation is missing" type="scala.NotImplementedError">scala.NotImplementedError: an implementation is missing
	at scala.Predef$.$qmark$qmark$qmark(Predef.scala:344)
	at homework.assignment02let.Conditionals$.subst(Conditionals.scala:54)
	at homework.assignment02let.Conditionals$.interp(Conditionals.scala:27)
	at homework.assignment02let.ConditionalsTest.$init$$$anonfun$2$$anonfun$1(ConditionalsTest.scala:26)
</failure>
                    </testcase><testcase classname="homework.assignment02let.ConditionalsTest" name="binding in else" time="0.001">
                      <failure message="an implementation is missing" type="scala.NotImplementedError">scala.NotImplementedError: an implementation is missing
	at scala.Predef$.$qmark$qmark$qmark(Predef.scala:344)
	at homework.assignment02let.Conditionals$.subst(Conditionals.scala:54)
	at homework.assignment02let.Conditionals$.interp(Conditionals.scala:27)
	at homework.assignment02let.ConditionalsTest.$init$$$anonfun$2$$anonfun$1(ConditionalsTest.scala:26)
</failure>
                    </testcase><testcase classname="homework.assignment02let.ConditionalsTest" name="binding in all" time="0.001">
                      <failure message="an implementation is missing" type="scala.NotImplementedError">scala.NotImplementedError: an implementation is missing
	at scala.Predef$.$qmark$qmark$qmark(Predef.scala:344)
	at homework.assignment02let.Conditionals$.subst(Conditionals.scala:54)
	at homework.assignment02let.Conditionals$.interp(Conditionals.scala:27)
	at homework.assignment02let.ConditionalsTest.$init$$$anonfun$2$$anonfun$1(ConditionalsTest.scala:26)
</failure>
                    </testcase><testcase classname="homework.assignment02let.ConditionalsTest" name="nested If0" time="0.0">
                      
                    </testcase>
          <system-out><![CDATA[]]></system-out>
          <system-err><![CDATA[]]></system-err>
        </testsuite>